<?xml version="1.0" encoding="UTF-8"?>
<testng-results skipped="0" failed="0" total="1" passed="1">
  <reporter-output>
  </reporter-output>
  <suite name="Suite" duration-ms="39" started-at="2018-02-16T07:41:55Z" finished-at="2018-02-16T07:41:55Z">
    <groups>
    </groups>
    <test name="Test" duration-ms="39" started-at="2018-02-16T07:41:55Z" finished-at="2018-02-16T07:41:55Z">
      <class name="projectz.Test1">
        <test-method status="PASS" signature="SampleTest()[pri:0, instance:projectz.Test1@5419f379]" name="SampleTest" duration-ms="17" started-at="2018-02-16T13:11:55Z" finished-at="2018-02-16T13:11:55Z">
          <reporter-output>
          </reporter-output>
        </test-method> <!-- SampleTest -->
      </class> <!-- projectz.Test1 -->
    </test> <!-- Test -->
  </suite> <!-- Suite -->
</testng-results>
